08:27:41 **** Incremental Build of configuration Debug for project AudioLoopback_Bypass ****
make all 
'Building file: ../system/device_class/audio/dac/adi_dev_audio_ad1854.c'
'Invoking: CrossCore Blackfin C/C++ Compiler'
ccblkfn.exe -c -file-attr ProjectName="AudioLoopback_Bypass" -proc ADSP-BF537 -flags-compiler --no_wrap_diagnostics -si-revision any -g -D_DEBUG -DCORE0 -I"C:\Analog Devices\CrossCore Embedded Studio 2.1.0\Blackfin\lib\src\libdsp" -I"D:\CrossCore\AudioLoopback_Bypass\system" -I"C:/Analog Devices/ADSP-BF537_EZKIT-Rel1.0.0/BF537_EZ-KIT_Lite/Blackfin/include" -structs-do-not-overlap -no-const-strings -no-multiline -warn-protos -double-size-32 -decls-strong -no-cplbs -sdram -gnu-style-dependencies -MD -Mo "system/device_class/audio/dac/adi_dev_audio_ad1854.d" -o "system/device_class/audio/dac/adi_dev_audio_ad1854.doj" "../system/device_class/audio/dac/adi_dev_audio_ad1854.c"
"..\system\device_class\audio\dac\adi_dev_audio_ad1854.c", line 37: cc2388:  catastrophic error: cannot open source file "adi_dev_class_common.h"
  #include <adi_dev_class_common.h>
                                   ^

1 catastrophic error detected in the compilation of "..\system\device_class\audio\dac\adi_dev_audio_ad1854.c".
Compilation terminated.
cc3089: fatal error: Compilation failed (code:4)
make: *** [system/device_class/audio/dac/adi_dev_audio_ad1854.doj] Error 1
08:28:05 **** Incremental Build of configuration Debug for project AudioLoopback_Bypass ****
make all 
'Building file: ../system/dac/ad1854/adi_ad1854.c'
'Invoking: CrossCore Blackfin C/C++ Compiler'
ccblkfn.exe -c -file-attr ProjectName="AudioLoopback_Bypass" -proc ADSP-BF537 -flags-compiler --no_wrap_diagnostics -si-revision any -g -D_DEBUG -DCORE0 -I"C:\Analog Devices\CrossCore Embedded Studio 2.1.0\Blackfin\lib\src\libdsp" -I"D:\CrossCore\AudioLoopback_Bypass\system" -I"C:/Analog Devices/ADSP-BF537_EZKIT-Rel1.0.0/BF537_EZ-KIT_Lite/Blackfin/include" -structs-do-not-overlap -no-const-strings -no-multiline -warn-protos -double-size-32 -decls-strong -no-cplbs -sdram -gnu-style-dependencies -MD -Mo "system/dac/ad1854/adi_ad1854.d" -o "system/dac/ad1854/adi_ad1854.doj" "../system/dac/ad1854/adi_ad1854.c"
'Finished building: ../system/dac/ad1854/adi_ad1854.c'
' '
'Building file: ../system/adc/ad1871/adi_ad1871.c'
'Invoking: CrossCore Blackfin C/C++ Compiler'
ccblkfn.exe -c -file-attr ProjectName="AudioLoopback_Bypass" -proc ADSP-BF537 -flags-compiler --no_wrap_diagnostics -si-revision any -g -D_DEBUG -DCORE0 -I"C:\Analog Devices\CrossCore Embedded Studio 2.1.0\Blackfin\lib\src\libdsp" -I"D:\CrossCore\AudioLoopback_Bypass\system" -I"C:/Analog Devices/ADSP-BF537_EZKIT-Rel1.0.0/BF537_EZ-KIT_Lite/Blackfin/include" -structs-do-not-overlap -no-const-strings -no-multiline -warn-protos -double-size-32 -decls-strong -no-cplbs -sdram -gnu-style-dependencies -MD -Mo "system/adc/ad1871/adi_ad1871.d" -o "system/adc/ad1871/adi_ad1871.doj" "../system/adc/ad1871/adi_ad1871.c"
'Finished building: ../system/adc/ad1871/adi_ad1871.c'
' '
'Building target: AudioLoopback_Bypass.dxe'
'Invoking: CrossCore Blackfin Linker'
ccblkfn.exe -proc ADSP-BF537 -si-revision any -TD:/CrossCore/AudioLoopback_Bypass/system/startup_ldf/app.ldf -no-mem -map AudioLoopback_Bypass.map.xml -LD:/CrossCore/AudioLoopback_Bypass/Debug/system/startup_ldf -flags-link -MDDEBUG,-MDCORE0 -add-debug-libpaths -o AudioLoopback_Bypass.dxe ./system/startup_ldf/app_cplbtab.doj ./system/startup_ldf/app_handler_table.doj ./system/startup_ldf/app_heaptab.doj ./system/startup_ldf/app_startup.doj  ./system/pinmux/GeneratedSources/pinmux_config.doj  ./system/dac/ad1854/adi_ad1854.doj  ./system/adc/ad1871/adi_ad1871.doj  ./system/adi_initialize.doj  ./AudioLoopback.doj   ../system/startup_ldf/app.ldf   -flags-link -od,.\.
'Finished building target: AudioLoopback_Bypass.dxe'
' '
08:28:31 **** Clean-only build of configuration Debug for project AudioLoopback_Bypass ****
make clean 
clean  "./system/startup_ldf/app_cplbtab.doj"  "./system/startup_ldf/app_handler_table.doj"  "./system/startup_ldf/app_heaptab.doj"  "./system/startup_ldf/app_startup.doj"  "./system/pinmux/GeneratedSources/pinmux_config.doj"  "./system/dac/ad1854/adi_ad1854.doj"  "./system/adc/ad1871/adi_ad1871.doj"  "./system/adi_initialize.doj"  "./AudioLoopback.doj" "./system/startup_ldf/app_cplbtab.d"  "./system/startup_ldf/app_handler_table.d"  "./system/startup_ldf/app_heaptab.d"  "./system/pinmux/GeneratedSources/pinmux_config.d"  "./system/dac/ad1854/adi_ad1854.d"  "./system/adc/ad1871/adi_ad1871.d"  "./system/adi_initialize.d"  "./AudioLoopback.d" linker_log.xml  "./system/startup_ldf/app_startup.d" AudioLoopback_Bypass.dxe
' '
08:28:32 **** Clean-only build of configuration Debug for project AudioLoopback_Bypass ****
make clean 
clean  "./system/startup_ldf/app_cplbtab.doj"  "./system/startup_ldf/app_handler_table.doj"  "./system/startup_ldf/app_heaptab.doj"  "./system/startup_ldf/app_startup.doj"  "./system/pinmux/GeneratedSources/pinmux_config.doj"  "./system/dac/ad1854/adi_ad1854.doj"  "./system/adc/ad1871/adi_ad1871.doj"  "./system/adi_initialize.doj"  "./AudioLoopback.doj" "./system/startup_ldf/app_cplbtab.d"  "./system/startup_ldf/app_handler_table.d"  "./system/startup_ldf/app_heaptab.d"  "./system/pinmux/GeneratedSources/pinmux_config.d"  "./system/dac/ad1854/adi_ad1854.d"  "./system/adc/ad1871/adi_ad1871.d"  "./system/adi_initialize.d"  "./AudioLoopback.d" linker_log.xml  "./system/startup_ldf/app_startup.d" AudioLoopback_Bypass.dxe
' '
08:28:33 **** Build of configuration Debug for project AudioLoopback_Bypass ****
make all 
'Building file: ../system/startup_ldf/app_cplbtab.c'
'Invoking: CrossCore Blackfin C/C++ Compiler'
ccblkfn.exe -c -file-attr ProjectName="AudioLoopback_Bypass" -proc ADSP-BF537 -flags-compiler --no_wrap_diagnostics -si-revision any -g -D_DEBUG -DCORE0 -I"C:\Analog Devices\CrossCore Embedded Studio 2.1.0\Blackfin\lib\src\libdsp" -I"D:\CrossCore\AudioLoopback_Bypass\system" -I"C:/Analog Devices/ADSP-BF537_EZKIT-Rel1.0.0/BF537_EZ-KIT_Lite/Blackfin/include" -structs-do-not-overlap -no-const-strings -no-multiline -warn-protos -double-size-32 -decls-strong -no-cplbs -sdram -gnu-style-dependencies -MD -Mo "system/startup_ldf/app_cplbtab.d" -o "system/startup_ldf/app_cplbtab.doj" "../system/startup_ldf/app_cplbtab.c"
'Finished building: ../system/startup_ldf/app_cplbtab.c'
' '
'Building file: ../system/startup_ldf/app_handler_table.c'
'Invoking: CrossCore Blackfin C/C++ Compiler'
ccblkfn.exe -c -file-attr ProjectName="AudioLoopback_Bypass" -proc ADSP-BF537 -flags-compiler --no_wrap_diagnostics -si-revision any -g -D_DEBUG -DCORE0 -I"C:\Analog Devices\CrossCore Embedded Studio 2.1.0\Blackfin\lib\src\libdsp" -I"D:\CrossCore\AudioLoopback_Bypass\system" -I"C:/Analog Devices/ADSP-BF537_EZKIT-Rel1.0.0/BF537_EZ-KIT_Lite/Blackfin/include" -structs-do-not-overlap -no-const-strings -no-multiline -warn-protos -double-size-32 -decls-strong -no-cplbs -sdram -gnu-style-dependencies -MD -Mo "system/startup_ldf/app_cplbtab.d" -o "system/startup_ldf/app_handler_table.doj" "../system/startup_ldf/app_handler_table.c"
'Finished building: ../system/startup_ldf/app_handler_table.c'
' '
'Building file: ../system/startup_ldf/app_heaptab.c'
'Invoking: CrossCore Blackfin C/C++ Compiler'
ccblkfn.exe -c -file-attr ProjectName="AudioLoopback_Bypass" -proc ADSP-BF537 -flags-compiler --no_wrap_diagnostics -si-revision any -g -D_DEBUG -DCORE0 -I"C:\Analog Devices\CrossCore Embedded Studio 2.1.0\Blackfin\lib\src\libdsp" -I"D:\CrossCore\AudioLoopback_Bypass\system" -I"C:/Analog Devices/ADSP-BF537_EZKIT-Rel1.0.0/BF537_EZ-KIT_Lite/Blackfin/include" -structs-do-not-overlap -no-const-strings -no-multiline -warn-protos -double-size-32 -decls-strong -no-cplbs -sdram -gnu-style-dependencies -MD -Mo "system/startup_ldf/app_cplbtab.d" -o "system/startup_ldf/app_heaptab.doj" "../system/startup_ldf/app_heaptab.c"
'Finished building: ../system/startup_ldf/app_heaptab.c'
' '
'Building file: ../system/startup_ldf/app_startup.s'
'Invoking: CrossCore Blackfin Assembler'
easmblkfn.exe -file-attr ProjectName="AudioLoopback_Bypass" -proc ADSP-BF537 -si-revision any -g -D_DEBUG -DCORE0 -i"D:\CrossCore\AudioLoopback_Bypass\system" -i"C:/Analog Devices/ADSP-BF537_EZKIT-Rel1.0.0/BF537_EZ-KIT_Lite/Blackfin/include" -gnu-style-dependencies -MM -Mo "system/startup_ldf/app_startup.d" -o "system/startup_ldf/app_startup.doj" "../system/startup_ldf/app_startup.s"
'Finished building: ../system/startup_ldf/app_startup.s'
' '
'Building file: ../system/pinmux/GeneratedSources/pinmux_config.c'
'Invoking: CrossCore Blackfin C/C++ Compiler'
ccblkfn.exe -c -file-attr ProjectName="AudioLoopback_Bypass" -proc ADSP-BF537 -flags-compiler --no_wrap_diagnostics -si-revision any -g -D_DEBUG -DCORE0 -I"C:\Analog Devices\CrossCore Embedded Studio 2.1.0\Blackfin\lib\src\libdsp" -I"D:\CrossCore\AudioLoopback_Bypass\system" -I"C:/Analog Devices/ADSP-BF537_EZKIT-Rel1.0.0/BF537_EZ-KIT_Lite/Blackfin/include" -structs-do-not-overlap -no-const-strings -no-multiline -warn-protos -double-size-32 -decls-strong -no-cplbs -sdram -gnu-style-dependencies -MD -Mo "system/pinmux/GeneratedSources/pinmux_config.d" -o "system/pinmux/GeneratedSources/pinmux_config.doj" "../system/pinmux/GeneratedSources/pinmux_config.c"
'Finished building: ../system/pinmux/GeneratedSources/pinmux_config.c'
' '
'Building file: ../system/dac/ad1854/adi_ad1854.c'
'Invoking: CrossCore Blackfin C/C++ Compiler'
ccblkfn.exe -c -file-attr ProjectName="AudioLoopback_Bypass" -proc ADSP-BF537 -flags-compiler --no_wrap_diagnostics -si-revision any -g -D_DEBUG -DCORE0 -I"C:\Analog Devices\CrossCore Embedded Studio 2.1.0\Blackfin\lib\src\libdsp" -I"D:\CrossCore\AudioLoopback_Bypass\system" -I"C:/Analog Devices/ADSP-BF537_EZKIT-Rel1.0.0/BF537_EZ-KIT_Lite/Blackfin/include" -structs-do-not-overlap -no-const-strings -no-multiline -warn-protos -double-size-32 -decls-strong -no-cplbs -sdram -gnu-style-dependencies -MD -Mo "system/dac/ad1854/adi_ad1854.d" -o "system/dac/ad1854/adi_ad1854.doj" "../system/dac/ad1854/adi_ad1854.c"
'Finished building: ../system/dac/ad1854/adi_ad1854.c'
' '
'Building file: ../system/adc/ad1871/adi_ad1871.c'
'Invoking: CrossCore Blackfin C/C++ Compiler'
ccblkfn.exe -c -file-attr ProjectName="AudioLoopback_Bypass" -proc ADSP-BF537 -flags-compiler --no_wrap_diagnostics -si-revision any -g -D_DEBUG -DCORE0 -I"C:\Analog Devices\CrossCore Embedded Studio 2.1.0\Blackfin\lib\src\libdsp" -I"D:\CrossCore\AudioLoopback_Bypass\system" -I"C:/Analog Devices/ADSP-BF537_EZKIT-Rel1.0.0/BF537_EZ-KIT_Lite/Blackfin/include" -structs-do-not-overlap -no-const-strings -no-multiline -warn-protos -double-size-32 -decls-strong -no-cplbs -sdram -gnu-style-dependencies -MD -Mo "system/adc/ad1871/adi_ad1871.d" -o "system/adc/ad1871/adi_ad1871.doj" "../system/adc/ad1871/adi_ad1871.c"
'Finished building: ../system/adc/ad1871/adi_ad1871.c'
' '
'Building file: ../system/adi_initialize.c'
'Invoking: CrossCore Blackfin C/C++ Compiler'
ccblkfn.exe -c -file-attr ProjectName="AudioLoopback_Bypass" -proc ADSP-BF537 -flags-compiler --no_wrap_diagnostics -si-revision any -g -D_DEBUG -DCORE0 -I"C:\Analog Devices\CrossCore Embedded Studio 2.1.0\Blackfin\lib\src\libdsp" -I"D:\CrossCore\AudioLoopback_Bypass\system" -I"C:/Analog Devices/ADSP-BF537_EZKIT-Rel1.0.0/BF537_EZ-KIT_Lite/Blackfin/include" -structs-do-not-overlap -no-const-strings -no-multiline -warn-protos -double-size-32 -decls-strong -no-cplbs -sdram -gnu-style-dependencies -MD -Mo "system/adi_initialize.d" -o "system/adi_initialize.doj" "../system/adi_initialize.c"
'Finished building: ../system/adi_initialize.c'
' '
'Building file: ../AudioLoopback.c'
'Invoking: CrossCore Blackfin C/C++ Compiler'
ccblkfn.exe -c -file-attr ProjectName="AudioLoopback_Bypass" -proc ADSP-BF537 -flags-compiler --no_wrap_diagnostics -si-revision any -g -D_DEBUG -DCORE0 -I"C:\Analog Devices\CrossCore Embedded Studio 2.1.0\Blackfin\lib\src\libdsp" -I"D:\CrossCore\AudioLoopback_Bypass\system" -I"C:/Analog Devices/ADSP-BF537_EZKIT-Rel1.0.0/BF537_EZ-KIT_Lite/Blackfin/include" -structs-do-not-overlap -no-const-strings -no-multiline -warn-protos -double-size-32 -decls-strong -no-cplbs -sdram -gnu-style-dependencies -MD -Mo "AudioLoopback.d" -o "AudioLoopback.doj" "../AudioLoopback.c"
"..\AudioLoopback.c", line 69: cc0047: {D} warning: incompatible redefinition of macro "NUM_COEFFS" (declared at line 33)
  #define NUM_COEFFS 69
          ^

"..\AudioLoopback.c", line 185: cc0144: {D} warning: a value of type "int" cannot be used to initialize an entity of type "volatile unsigned int *"
      volatile unsigned int *ptr_test = 0x30000;
                                        ^

"..\AudioLoopback.c", line 185: cc0152: {D} warning: conversion of nonzero integer to pointer
      volatile unsigned int *ptr_test = 0x30000;
                                        ^

'Finished building: ../AudioLoopback.c'
' '
'Building target: AudioLoopback_Bypass.dxe'
'Invoking: CrossCore Blackfin Linker'
ccblkfn.exe -proc ADSP-BF537 -si-revision any -TD:/CrossCore/AudioLoopback_Bypass/system/startup_ldf/app.ldf -no-mem -map AudioLoopback_Bypass.map.xml -LD:/CrossCore/AudioLoopback_Bypass/Debug/system/startup_ldf -flags-link -MDDEBUG,-MDCORE0 -add-debug-libpaths -o AudioLoopback_Bypass.dxe ./system/startup_ldf/app_cplbtab.doj ./system/startup_ldf/app_handler_table.doj ./system/startup_ldf/app_heaptab.doj ./system/startup_ldf/app_startup.doj  ./system/pinmux/GeneratedSources/pinmux_config.doj  ./system/dac/ad1854/adi_ad1854.doj  ./system/adc/ad1871/adi_ad1871.doj  ./system/adi_initialize.doj  ./AudioLoopback.doj   ../system/startup_ldf/app.ldf   -flags-link -od,.\.
'Finished building target: AudioLoopback_Bypass.dxe'
' '
08:28:51 **** Incremental Build of configuration Debug for project AudioLoopback_Bypass ****
make all 
make: Nothing to be done for `all'.
08:30:38 **** Incremental Build of configuration Debug for project AudioLoopback_Bypass ****
make all 
make: Nothing to be done for `all'.
08:30:41 **** Incremental Build of configuration Debug for project AudioLoopback_Bypass ****
make all 
make: Nothing to be done for `all'.
08:33:14 **** Incremental Build of configuration Debug for project AudioLoopback_Bypass ****
make all 
make: Nothing to be done for `all'.
08:35:26 **** Incremental Build of configuration Debug for project AudioLoopback_Bypass ****
make all 
make: Nothing to be done for `all'.
08:39:45 **** Incremental Build of configuration Debug for project AudioLoopback_Bypass ****
make all 
make: Nothing to be done for `all'.
08:39:49 **** Incremental Build of configuration Debug for project AudioLoopback_Bypass ****
make all 
make: Nothing to be done for `all'.
08:41:28 **** Incremental Build of configuration Debug for project AudioLoopback_Bypass ****
make all 
make: Nothing to be done for `all'.
08:46:41 **** Incremental Build of configuration Debug for project AudioLoopback_Bypass ****
make all 
make: Nothing to be done for `all'.
08:50:22 **** Incremental Build of configuration Debug for project AudioLoopback_Bypass ****
make all 
make: Nothing to be done for `all'.
